{
  "stats": {
    "suites": 1,
    "tests": 1,
    "passes": 0,
    "pending": 0,
    "failures": 1,
    "start": "2025-02-24T12:10:09.292Z",
    "end": "2025-02-24T12:10:22.682Z",
    "duration": 13390,
    "testsRegistered": 1,
    "passPercent": 0,
    "pendingPercent": 0,
    "other": 0,
    "hasOther": false,
    "skipped": 0,
    "hasSkipped": false
  },
  "results": [
    {
      "uuid": "2597f9b9-2585-4667-b028-be80e181dd9d",
      "title": "",
      "fullFile": "cypress\\e2e\\Test724-Contact.cy.js",
      "file": "cypress\\e2e\\Test724-Contact.cy.js",
      "beforeHooks": [],
      "afterHooks": [],
      "tests": [],
      "suites": [
        {
          "uuid": "e0705ddf-3f55-421d-b139-3c883d1e038b",
          "title": "Test Formulaire de Contact",
          "fullFile": "",
          "file": "",
          "beforeHooks": [],
          "afterHooks": [],
          "tests": [
            {
              "title": "Remplit et soumet le formulaire de contact avec des données aléatoires",
              "fullTitle": "Test Formulaire de Contact Remplit et soumet le formulaire de contact avec des données aléatoires",
              "timedOut": null,
              "duration": 13176,
              "state": "failed",
              "speed": null,
              "pass": false,
              "fail": true,
              "pending": false,
              "context": null,
              "code": "const user = (0, _FakeDataInscription.generateRandomUser)();\ncy.visit('/#contact');\ncy.xpath('//*[@id=\"contact\"]/form/div/div[1]/div[1]/input').type(user.firstName);\ncy.xpath('//*[@id=\"contact\"]/form/div/div[1]/div[2]/input').type(user.lastName);\n// 1. Ouvrir le menu déroulant en cliquant sur le bouton\ncy.xpath('//*[@id=\"contact\"]/form/div/div[1]/div[3]/div[2]/button').click();\n// 2. Attendre que la liste déroulante soit visible\ncy.xpath('//*[@id=\"contact\"]/form/div/div[1]/div[3]/div[2]/ul').should('be.visible');\n// 3. Sélectionner une option dans la liste déroulante\n// Par exemple, sélectionner l'option \"Personnel\"\ncy.xpath('//*[@id=\"contact\"]/form/div/div[1]/div[3]/div[2]/ul/li[2]').should('contain', 'Personnel') // Vérifier que l'élément contient le texte \"Personnel\"\n.click(); // Cliquer sur l'élément\ncy.xpath('//*[@id=\"contact\"]/form/div/div[1]/div[4]/input').type(user.email);\ncy.xpath('//*[@id=\"contact\"]/form/div/div[2]/div').type(user.message);\ncy.xpath('//*[@id=\"contact\"]/form/div/div[1]/input').click();\ncy.contains('\"Merci de nous avoir contacté ! !').should('be.visible');",
              "err": {
                "message": "AssertionError: Timed out retrying after 4000ms: Expected to find content: '\"Merci de nous avoir contacté ! !' but never did.",
                "estack": "AssertionError: Timed out retrying after 4000ms: Expected to find content: '\"Merci de nous avoir contacté ! !' but never did.\n    at Context.eval (webpack://cypresstest/./cypress/e2e/Test724-Contact.cy.js:31:53)",
                "diff": null
              },
              "uuid": "1c1bc521-f149-402b-9887-6b79461bd907",
              "parentUUID": "e0705ddf-3f55-421d-b139-3c883d1e038b",
              "isHook": false,
              "skipped": false
            }
          ],
          "suites": [],
          "passes": [],
          "failures": [
            "1c1bc521-f149-402b-9887-6b79461bd907"
          ],
          "pending": [],
          "skipped": [],
          "duration": 13176,
          "root": false,
          "rootEmpty": false,
          "_timeout": 2000
        }
      ],
      "passes": [],
      "failures": [],
      "pending": [],
      "skipped": [],
      "duration": 0,
      "root": true,
      "rootEmpty": true,
      "_timeout": 2000
    }
  ],
  "meta": {
    "mocha": {
      "version": "7.0.1"
    },
    "mochawesome": {
      "options": {
        "quiet": false,
        "reportFilename": "mochawesome",
        "saveHtml": true,
        "saveJson": true,
        "consoleReporter": "spec",
        "useInlineDiffs": false,
        "code": true
      },
      "version": "7.1.3"
    },
    "marge": {
      "options": {
        "reportDir": "cypress/results",
        "overwrite": false,
        "html": true,
        "json": true
      },
      "version": "6.2.0"
    }
  }
}