{
  "stats": {
    "suites": 1,
    "tests": 5,
    "passes": 1,
    "pending": 0,
    "failures": 4,
    "start": "2025-02-24T12:09:20.532Z",
    "end": "2025-02-24T12:09:48.796Z",
    "duration": 28264,
    "testsRegistered": 5,
    "passPercent": 20,
    "pendingPercent": 0,
    "other": 0,
    "hasOther": false,
    "skipped": 0,
    "hasSkipped": false
  },
  "results": [
    {
      "uuid": "d0d81cf0-bdf8-48e0-beb5-4bbac8599519",
      "title": "",
      "fullFile": "cypress\\e2e\\Test724-Categories.cy.js",
      "file": "cypress\\e2e\\Test724-Categories.cy.js",
      "beforeHooks": [],
      "afterHooks": [],
      "tests": [],
      "suites": [
        {
          "uuid": "c7b683e8-1b84-4208-90bb-4ada36150bc3",
          "title": "Filtrage par catégorie dans la section Nos Réalisations",
          "fullFile": "",
          "file": "",
          "beforeHooks": [],
          "afterHooks": [],
          "tests": [
            {
              "title": "Filtre et affiche les événements pour la catégorie \"Toutes\"",
              "fullTitle": "Filtrage par catégorie dans la section Nos Réalisations Filtre et affiche les événements pour la catégorie \"Toutes\"",
              "timedOut": null,
              "duration": 3555,
              "state": "passed",
              "speed": "fast",
              "pass": true,
              "fail": false,
              "pending": false,
              "context": null,
              "code": "cy.xpath('//*[@id=\"nos-realisations\"]/div[1]/div/ul/li[2]').click();\n// Vérifier que des éléments sont affichés\ncy.get('.EventCard__label').should('have.length.greaterThan', 0);",
              "err": {},
              "uuid": "3f944600-c12b-409d-b845-544f3d0e42cb",
              "parentUUID": "c7b683e8-1b84-4208-90bb-4ada36150bc3",
              "isHook": false,
              "skipped": false
            },
            {
              "title": "Filtre et affiche les événements pour la catégorie \"conférence\"",
              "fullTitle": "Filtrage par catégorie dans la section Nos Réalisations Filtre et affiche les événements pour la catégorie \"conférence\"",
              "timedOut": null,
              "duration": 6194,
              "state": "failed",
              "speed": null,
              "pass": false,
              "fail": true,
              "pending": false,
              "context": null,
              "code": "cy.xpath('//*[@id=\"nos-realisations\"]/div[1]/div/ul/li[3]').click();\ncy.get('.EventCard__label').each($el => {\n  cy.wrap($el).should('contain.text', 'conférence');\n});",
              "err": {
                "message": "AssertionError: Timed out retrying after 4000ms: expected '<div.EventCard__label>' to contain text 'conférence', but the text was 'expérience digitale'",
                "estack": "AssertionError: Timed out retrying after 4000ms: expected '<div.EventCard__label>' to contain text 'conférence', but the text was 'expérience digitale'\n    at Context.eval (webpack://cypresstest/./cypress/e2e/Test724-Categories.cy.js:19:21)",
                "diff": "- 'expérience digitale'\n+ 'conférence'\n"
              },
              "uuid": "dd60cac4-a858-4ebe-bde7-b8e886d9f341",
              "parentUUID": "c7b683e8-1b84-4208-90bb-4ada36150bc3",
              "isHook": false,
              "skipped": false
            },
            {
              "title": "Filtre et affiche les événements pour la catégorie \"expérience digitale\"",
              "fullTitle": "Filtrage par catégorie dans la section Nos Réalisations Filtre et affiche les événements pour la catégorie \"expérience digitale\"",
              "timedOut": null,
              "duration": 5887,
              "state": "failed",
              "speed": null,
              "pass": false,
              "fail": true,
              "pending": false,
              "context": null,
              "code": "cy.xpath('//*[@id=\"nos-realisations\"]/div[1]/div/ul/li[4]').click();\ncy.get('.EventCard__label').each($el => {\n  cy.wrap($el).should('contain.text', 'expérience digitale');\n});",
              "err": {
                "message": "AssertionError: Timed out retrying after 4000ms: expected '<div.EventCard__label>' to contain text 'expérience digitale', but the text was 'conférence'",
                "estack": "AssertionError: Timed out retrying after 4000ms: expected '<div.EventCard__label>' to contain text 'expérience digitale', but the text was 'conférence'\n    at Context.eval (webpack://cypresstest/./cypress/e2e/Test724-Categories.cy.js:26:21)",
                "diff": "- 'conférence'\n+ 'expérience digitale'\n"
              },
              "uuid": "2d076213-3c90-4276-847e-b854ff013648",
              "parentUUID": "c7b683e8-1b84-4208-90bb-4ada36150bc3",
              "isHook": false,
              "skipped": false
            },
            {
              "title": "Filtre et affiche les événements pour la catégorie \"soirée entreprise\"",
              "fullTitle": "Filtrage par catégorie dans la section Nos Réalisations Filtre et affiche les événements pour la catégorie \"soirée entreprise\"",
              "timedOut": null,
              "duration": 5932,
              "state": "failed",
              "speed": null,
              "pass": false,
              "fail": true,
              "pending": false,
              "context": null,
              "code": "cy.xpath('//*[@id=\"nos-realisations\"]/div[1]/div/ul/li[5]').click();\ncy.get('.EventCard__label').each($el => {\n  cy.wrap($el).should('contain.text', 'soirée entreprise');\n});",
              "err": {
                "message": "AssertionError: Timed out retrying after 4000ms: expected '<div.EventCard__label>' to contain text 'soirée entreprise', but the text was 'conférence'",
                "estack": "AssertionError: Timed out retrying after 4000ms: expected '<div.EventCard__label>' to contain text 'soirée entreprise', but the text was 'conférence'\n    at Context.eval (webpack://cypresstest/./cypress/e2e/Test724-Categories.cy.js:33:21)",
                "diff": "- 'conférence'\n+ 'soirée entreprise'\n"
              },
              "uuid": "fa4c3d6d-1a37-496e-a556-2d435a3a8866",
              "parentUUID": "c7b683e8-1b84-4208-90bb-4ada36150bc3",
              "isHook": false,
              "skipped": false
            },
            {
              "title": "Filtre et affiche les événements pour la catégorie \"world forum\"",
              "fullTitle": "Filtrage par catégorie dans la section Nos Réalisations Filtre et affiche les événements pour la catégorie \"world forum\"",
              "timedOut": null,
              "duration": 6121,
              "state": "failed",
              "speed": null,
              "pass": false,
              "fail": true,
              "pending": false,
              "context": null,
              "code": "cy.xpath('//*[@id=\"nos-realisations\"]/div[1]/div/ul/li[6]').click();\ncy.get('.EventCard__label').each($el => {\n  cy.wrap($el).should('contain.text', 'world forum');\n});",
              "err": {
                "message": "AssertionError: Timed out retrying after 4000ms: expected '<div.EventCard__label>' to contain text 'world forum', but the text was 'conférence'",
                "estack": "AssertionError: Timed out retrying after 4000ms: expected '<div.EventCard__label>' to contain text 'world forum', but the text was 'conférence'\n    at Context.eval (webpack://cypresstest/./cypress/e2e/Test724-Categories.cy.js:40:22)",
                "diff": "- 'conférence'\n+ 'world forum'\n"
              },
              "uuid": "477fcea5-60ce-43e8-8fa1-0a452ab8735c",
              "parentUUID": "c7b683e8-1b84-4208-90bb-4ada36150bc3",
              "isHook": false,
              "skipped": false
            }
          ],
          "suites": [],
          "passes": [
            "3f944600-c12b-409d-b845-544f3d0e42cb"
          ],
          "failures": [
            "dd60cac4-a858-4ebe-bde7-b8e886d9f341",
            "2d076213-3c90-4276-847e-b854ff013648",
            "fa4c3d6d-1a37-496e-a556-2d435a3a8866",
            "477fcea5-60ce-43e8-8fa1-0a452ab8735c"
          ],
          "pending": [],
          "skipped": [],
          "duration": 27689,
          "root": false,
          "rootEmpty": false,
          "_timeout": 2000
        }
      ],
      "passes": [],
      "failures": [],
      "pending": [],
      "skipped": [],
      "duration": 0,
      "root": true,
      "rootEmpty": true,
      "_timeout": 2000
    }
  ],
  "meta": {
    "mocha": {
      "version": "7.0.1"
    },
    "mochawesome": {
      "options": {
        "quiet": false,
        "reportFilename": "mochawesome",
        "saveHtml": true,
        "saveJson": true,
        "consoleReporter": "spec",
        "useInlineDiffs": false,
        "code": true
      },
      "version": "7.1.3"
    },
    "marge": {
      "options": {
        "reportDir": "cypress/results",
        "overwrite": false,
        "html": true,
        "json": true
      },
      "version": "6.2.0"
    }
  }
}